1603688764781	geckodriver	INFO	Listening on 127.0.0.1:53863
1603688765356	mozrunner::runner	INFO	Running command: "/Applications/Firefox.app/Contents/MacOS/firefox-bin" "--marionette" "-foreground" "-no-remote" "-profile" "/var/folders/d7/rlgg27d972z58lb5whx8kb740000gn/T/rust_mozprofilexxlsIN"
console.error: SearchCache: "_readCacheFile: Error reading cache file:" (new Error("", "(unknown module)"))
1603688769390	Marionette	INFO	Listening on port 53874
1603688785233	geckodriver	INFO	Listening on 127.0.0.1:53898
1603688786250	mozrunner::runner	INFO	Running command: "/Applications/Firefox.app/Contents/MacOS/firefox-bin" "--marionette" "-foreground" "-no-remote" "-profile" "/var/folders/d7/rlgg27d972z58lb5whx8kb740000gn/T/rust_mozprofilesSHowA"
console.error: SearchCache: "_readCacheFile: Error reading cache file:" (new Error("", "(unknown module)"))
1603688789554	Marionette	INFO	Listening on port 53910
1603688789631	Marionette	WARN	TLS certificate errors will be ignored for this session
1603689114649	geckodriver	INFO	Listening on 127.0.0.1:55101
1603689115656	mozrunner::runner	INFO	Running command: "/Applications/Firefox.app/Contents/MacOS/firefox-bin" "--marionette" "-foreground" "-no-remote" "-profile" "/var/folders/d7/rlgg27d972z58lb5whx8kb740000gn/T/rust_mozprofile17pv3f"
console.error: SearchCache: "_readCacheFile: Error reading cache file:" (new Error("", "(unknown module)"))
1603689117948	Marionette	INFO	Listening on port 55116
1603689118001	Marionette	WARN	TLS certificate errors will be ignored for this session
1603689134943	geckodriver	INFO	Listening on 127.0.0.1:55268
1603689135959	mozrunner::runner	INFO	Running command: "/Applications/Firefox.app/Contents/MacOS/firefox-bin" "--marionette" "-foreground" "-no-remote" "-profile" "/var/folders/d7/rlgg27d972z58lb5whx8kb740000gn/T/rust_mozprofile59JTll"
console.error: SearchCache: "_readCacheFile: Error reading cache file:" (new Error("", "(unknown module)"))
1603689138377	Marionette	INFO	Listening on port 55283
1603689138415	Marionette	WARN	TLS certificate errors will be ignored for this session
1603689267327	geckodriver	INFO	Listening on 127.0.0.1:55955
1603689268342	mozrunner::runner	INFO	Running command: "/Applications/Firefox.app/Contents/MacOS/firefox-bin" "--marionette" "-foreground" "-no-remote" "-profile" "/var/folders/d7/rlgg27d972z58lb5whx8kb740000gn/T/rust_mozprofilevmA9Bn"
console.error: SearchCache: "_readCacheFile: Error reading cache file:" (new Error("", "(unknown module)"))
1603689270645	Marionette	INFO	Listening on port 55971
1603689270690	Marionette	WARN	TLS certificate errors will be ignored for this session
1603689340096	geckodriver	INFO	Listening on 127.0.0.1:56345
1603689341106	mozrunner::runner	INFO	Running command: "/Applications/Firefox.app/Contents/MacOS/firefox-bin" "--marionette" "-foreground" "-no-remote" "-profile" "/var/folders/d7/rlgg27d972z58lb5whx8kb740000gn/T/rust_mozprofileRvAjKa"
console.error: SearchCache: "_readCacheFile: Error reading cache file:" (new Error("", "(unknown module)"))
1603689343312	Marionette	INFO	Listening on port 56360
1603689343365	Marionette	WARN	TLS certificate errors will be ignored for this session
1603689427898	geckodriver	INFO	Listening on 127.0.0.1:56737
1603689428913	mozrunner::runner	INFO	Running command: "/Applications/Firefox.app/Contents/MacOS/firefox-bin" "--marionette" "-foreground" "-no-remote" "-profile" "/var/folders/d7/rlgg27d972z58lb5whx8kb740000gn/T/rust_mozprofileL846Zy"
console.error: SearchCache: "_readCacheFile: Error reading cache file:" (new Error("", "(unknown module)"))
1603689431227	Marionette	INFO	Listening on port 56752
1603689431264	Marionette	WARN	TLS certificate errors will be ignored for this session
JavaScript error: resource://gre/modules/Sqlite.jsm, line 1031: Error: Sqlite.jsm has been shutdown. Cannot open connection to: /var/folders/d7/rlgg27d972z58lb5whx8kb740000gn/T/rust_mozprofilevmA9Bn/protections.sqlite
1603689476751	Marionette	INFO	Stopped listening on port 55971
1603689478179	Marionette	INFO	Stopped listening on port 56360
1603689479434	Marionette	INFO	Stopped listening on port 55116
1603689481022	Marionette	INFO	Stopped listening on port 53910
1603689482684	Marionette	INFO	Stopped listening on port 53874
1603689484030	Marionette	INFO	Stopped listening on port 56752
1603689485549	Marionette	INFO	Stopped listening on port 55283
1603689498404	geckodriver	INFO	Listening on 127.0.0.1:57092
1603689499413	mozrunner::runner	INFO	Running command: "/Applications/Firefox.app/Contents/MacOS/firefox-bin" "--marionette" "-foreground" "-no-remote" "-profile" "/var/folders/d7/rlgg27d972z58lb5whx8kb740000gn/T/rust_mozprofileb3r7OJ"
console.error: SearchCache: "_readCacheFile: Error reading cache file:" (new Error("", "(unknown module)"))
1603689502124	Marionette	INFO	Listening on port 57107
1603689502183	Marionette	WARN	TLS certificate errors will be ignored for this session
1603689678719	geckodriver	INFO	Listening on 127.0.0.1:57897
1603689678739	mozrunner::runner	INFO	Running command: "/Applications/Firefox.app/Contents/MacOS/firefox-bin" "--marionette" "-foreground" "-no-remote" "-profile" "/var/folders/d7/rlgg27d972z58lb5whx8kb740000gn/T/rust_mozprofileTG1e0H"
console.error: SearchCache: "_readCacheFile: Error reading cache file:" (new Error("", "(unknown module)"))
1603689680733	Marionette	INFO	Listening on port 57910
1603689680781	Marionette	WARN	TLS certificate errors will be ignored for this session
1603689740544	geckodriver	INFO	Listening on 127.0.0.1:58257
1603689741557	mozrunner::runner	INFO	Running command: "/Applications/Firefox.app/Contents/MacOS/firefox-bin" "--marionette" "-foreground" "-no-remote" "-profile" "/var/folders/d7/rlgg27d972z58lb5whx8kb740000gn/T/rust_mozprofileki9WN0"
console.error: SearchCache: "_readCacheFile: Error reading cache file:" (new Error("", "(unknown module)"))
1603689743595	Marionette	INFO	Listening on port 58272
1603689743697	Marionette	WARN	TLS certificate errors will be ignored for this session
1603690122466	geckodriver	INFO	Listening on 127.0.0.1:59937
1603690123477	mozrunner::runner	INFO	Running command: "/Applications/Firefox.app/Contents/MacOS/firefox-bin" "--marionette" "-foreground" "-no-remote" "-profile" "/var/folders/d7/rlgg27d972z58lb5whx8kb740000gn/T/rust_mozprofilefs0FA4"
console.error: SearchCache: "_readCacheFile: Error reading cache file:" (new Error("", "(unknown module)"))
1603690125447	Marionette	INFO	Listening on port 59952
1603690125532	Marionette	WARN	TLS certificate errors will be ignored for this session
1603690129149	Marionette	INFO	Stopped listening on port 57910
1603690246840	geckodriver	INFO	Listening on 127.0.0.1:60529
1603690247853	mozrunner::runner	INFO	Running command: "/Applications/Firefox.app/Contents/MacOS/firefox-bin" "--marionette" "-foreground" "-no-remote" "-profile" "/var/folders/d7/rlgg27d972z58lb5whx8kb740000gn/T/rust_mozprofileMCRSL8"
console.error: SearchCache: "_readCacheFile: Error reading cache file:" (new Error("", "(unknown module)"))
1603690249617	Marionette	INFO	Stopped listening on port 57107
1603690250300	Marionette	INFO	Listening on port 60544
1603690250306	Marionette	WARN	TLS certificate errors will be ignored for this session
JavaScript error: resource://gre/modules/Sqlite.jsm, line 1031: Error: Sqlite.jsm has been shutdown. Cannot open connection to: /var/folders/d7/rlgg27d972z58lb5whx8kb740000gn/T/rust_mozprofileki9WN0/protections.sqlite
1603690251800	Marionette	INFO	Stopped listening on port 58272
JavaScript error: resource://gre/modules/Sqlite.jsm, line 1031: Error: Sqlite.jsm has been shutdown. Cannot open connection to: /var/folders/d7/rlgg27d972z58lb5whx8kb740000gn/T/rust_mozprofilefs0FA4/protections.sqlite
1603690254091	Marionette	INFO	Stopped listening on port 59952
1603690271278	geckodriver	INFO	Listening on 127.0.0.1:60708
1603690272291	mozrunner::runner	INFO	Running command: "/Applications/Firefox.app/Contents/MacOS/firefox-bin" "--marionette" "-foreground" "-no-remote" "-profile" "/var/folders/d7/rlgg27d972z58lb5whx8kb740000gn/T/rust_mozprofileNMG50x"
console.error: SearchCache: "_readCacheFile: Error reading cache file:" (new Error("", "(unknown module)"))
1603690274610	Marionette	INFO	Listening on port 60723
1603690274637	Marionette	WARN	TLS certificate errors will be ignored for this session
1603690281801	geckodriver	INFO	Listening on 127.0.0.1:60831
1603690282811	mozrunner::runner	INFO	Running command: "/Applications/Firefox.app/Contents/MacOS/firefox-bin" "--marionette" "-foreground" "-no-remote" "-profile" "/var/folders/d7/rlgg27d972z58lb5whx8kb740000gn/T/rust_mozprofileGeQXHK"
console.error: SearchCache: "_readCacheFile: Error reading cache file:" (new Error("", "(unknown module)"))
1603690284935	Marionette	INFO	Listening on port 60848
1603690284962	Marionette	WARN	TLS certificate errors will be ignored for this session
1603690286414	Marionette	INFO	Stopped listening on port 60544
1603690288599	Marionette	INFO	Stopped listening on port 60723
1603690701610	geckodriver	INFO	Listening on 127.0.0.1:62659
1603690702618	mozrunner::runner	INFO	Running command: "/Applications/Firefox.app/Contents/MacOS/firefox-bin" "--marionette" "-foreground" "-no-remote" "-profile" "/var/folders/d7/rlgg27d972z58lb5whx8kb740000gn/T/rust_mozprofileuuemYb"
console.error: SearchCache: "_readCacheFile: Error reading cache file:" (new Error("", "(unknown module)"))
1603690704954	Marionette	INFO	Listening on port 62674
1603690704979	Marionette	WARN	TLS certificate errors will be ignored for this session
1603690754122	geckodriver	INFO	Listening on 127.0.0.1:62958
1603690755130	mozrunner::runner	INFO	Running command: "/Applications/Firefox.app/Contents/MacOS/firefox-bin" "--marionette" "-foreground" "-no-remote" "-profile" "/var/folders/d7/rlgg27d972z58lb5whx8kb740000gn/T/rust_mozprofilegQOVZV"
console.error: SearchCache: "_readCacheFile: Error reading cache file:" (new Error("", "(unknown module)"))
1603690757172	Marionette	INFO	Listening on port 62973
1603690757177	Marionette	WARN	TLS certificate errors will be ignored for this session
JavaScript error: resource://gre/modules/Sqlite.jsm, line 1031: Error: Sqlite.jsm has been shutdown. Cannot open connection to: /var/folders/d7/rlgg27d972z58lb5whx8kb740000gn/T/rust_mozprofileGeQXHK/protections.sqlite
1603690758454	Marionette	INFO	Stopped listening on port 60848
1603690760561	Marionette	INFO	Stopped listening on port 62674
1603690768556	geckodriver	INFO	Listening on 127.0.0.1:63100
1603690769572	mozrunner::runner	INFO	Running command: "/Applications/Firefox.app/Contents/MacOS/firefox-bin" "--marionette" "-foreground" "-no-remote" "-profile" "/var/folders/d7/rlgg27d972z58lb5whx8kb740000gn/T/rust_mozprofileTkJO0y"
console.error: SearchCache: "_readCacheFile: Error reading cache file:" (new Error("", "(unknown module)"))
1603690771366	Marionette	INFO	Listening on port 63116
1603690771422	Marionette	WARN	TLS certificate errors will be ignored for this session
1603691592855	geckodriver	INFO	Listening on 127.0.0.1:50220
1603691593871	mozrunner::runner	INFO	Running command: "/Applications/Firefox.app/Contents/MacOS/firefox-bin" "--marionette" "-foreground" "-no-remote" "-profile" "/var/folders/d7/rlgg27d972z58lb5whx8kb740000gn/T/rust_mozprofileQ9hI3n"
console.error: SearchCache: "_readCacheFile: Error reading cache file:" (new Error("", "(unknown module)"))
1603691596169	Marionette	INFO	Listening on port 50236
1603691596209	Marionette	WARN	TLS certificate errors will be ignored for this session
1603691935801	geckodriver	INFO	Listening on 127.0.0.1:51688
1603691936814	mozrunner::runner	INFO	Running command: "/Applications/Firefox.app/Contents/MacOS/firefox-bin" "--marionette" "-foreground" "-no-remote" "-profile" "/var/folders/d7/rlgg27d972z58lb5whx8kb740000gn/T/rust_mozprofile16hFlA"
console.error: SearchCache: "_readCacheFile: Error reading cache file:" (new Error("", "(unknown module)"))
1603691938628	Marionette	INFO	Listening on port 51703
1603691938650	Marionette	WARN	TLS certificate errors will be ignored for this session
1603692144061	geckodriver	INFO	Listening on 127.0.0.1:52630
1603692145065	mozrunner::runner	INFO	Running command: "/Applications/Firefox.app/Contents/MacOS/firefox-bin" "--marionette" "-foreground" "-no-remote" "-profile" "/var/folders/d7/rlgg27d972z58lb5whx8kb740000gn/T/rust_mozprofile8TzRRT"
console.error: SearchCache: "_readCacheFile: Error reading cache file:" (new Error("", "(unknown module)"))
1603692147104	Marionette	INFO	Listening on port 52645
1603692147206	Marionette	WARN	TLS certificate errors will be ignored for this session
1603692250682	geckodriver	INFO	Listening on 127.0.0.1:53153
1603692250690	mozrunner::runner	INFO	Running command: "/Applications/Firefox.app/Contents/MacOS/firefox-bin" "--marionette" "-foreground" "-no-remote" "-profile" "/var/folders/d7/rlgg27d972z58lb5whx8kb740000gn/T/rust_mozprofileXSQddc"
console.error: SearchCache: "_readCacheFile: Error reading cache file:" (new Error("", "(unknown module)"))
1603692252733	Marionette	INFO	Listening on port 53162
1603692252738	Marionette	WARN	TLS certificate errors will be ignored for this session
1603692302521	geckodriver	INFO	Listening on 127.0.0.1:53446
1603692303537	mozrunner::runner	INFO	Running command: "/Applications/Firefox.app/Contents/MacOS/firefox-bin" "--marionette" "-foreground" "-no-remote" "-profile" "/var/folders/d7/rlgg27d972z58lb5whx8kb740000gn/T/rust_mozprofile4oWAdd"
console.error: SearchCache: "_readCacheFile: Error reading cache file:" (new Error("", "(unknown module)"))
1603692305708	Marionette	INFO	Listening on port 53461
1603692305785	Marionette	WARN	TLS certificate errors will be ignored for this session
1603692321320	geckodriver	INFO	Listening on 127.0.0.1:53605
1603692322318	mozrunner::runner	INFO	Running command: "/Applications/Firefox.app/Contents/MacOS/firefox-bin" "--marionette" "-foreground" "-no-remote" "-profile" "/var/folders/d7/rlgg27d972z58lb5whx8kb740000gn/T/rust_mozprofile2fMSum"
console.error: SearchCache: "_readCacheFile: Error reading cache file:" (new Error("", "(unknown module)"))
1603692324690	Marionette	INFO	Listening on port 53620
1603692324770	Marionette	WARN	TLS certificate errors will be ignored for this session
1603692326440	Marionette	INFO	Stopped listening on port 62973
1603692328600	Marionette	INFO	Stopped listening on port 50236
1603692450439	geckodriver	INFO	Listening on 127.0.0.1:54225
1603692451450	mozrunner::runner	INFO	Running command: "/Applications/Firefox.app/Contents/MacOS/firefox-bin" "--marionette" "-foreground" "-no-remote" "-profile" "/var/folders/d7/rlgg27d972z58lb5whx8kb740000gn/T/rust_mozprofile6U7BM9"
console.error: SearchCache: "_readCacheFile: Error reading cache file:" (new Error("", "(unknown module)"))
1603692453577	Marionette	INFO	Listening on port 54240
1603692453680	Marionette	WARN	TLS certificate errors will be ignored for this session
1603692471156	geckodriver	INFO	Listening on 127.0.0.1:54393
1603692472170	mozrunner::runner	INFO	Running command: "/Applications/Firefox.app/Contents/MacOS/firefox-bin" "--marionette" "-foreground" "-no-remote" "-profile" "/var/folders/d7/rlgg27d972z58lb5whx8kb740000gn/T/rust_mozprofilegvzM3x"
console.error: SearchCache: "_readCacheFile: Error reading cache file:" (new Error("", "(unknown module)"))
1603692473537	Marionette	INFO	Stopped listening on port 63116
1603692474289	Marionette	INFO	Listening on port 54408
1603692474321	Marionette	WARN	TLS certificate errors will be ignored for this session
1603692475752	Marionette	INFO	Stopped listening on port 51703
1603692478004	Marionette	INFO	Stopped listening on port 52645
1603692480153	Marionette	INFO	Stopped listening on port 53162
1603692915155	geckodriver	INFO	Listening on 127.0.0.1:56333
1603692916171	mozrunner::runner	INFO	Running command: "/Applications/Firefox.app/Contents/MacOS/firefox-bin" "--marionette" "-foreground" "-no-remote" "-profile" "/var/folders/d7/rlgg27d972z58lb5whx8kb740000gn/T/rust_mozprofileXzMdrn"
console.error: SearchCache: "_readCacheFile: Error reading cache file:" (new Error("", "(unknown module)"))
1603692918144	Marionette	INFO	Listening on port 56348
1603692918211	Marionette	WARN	TLS certificate errors will be ignored for this session
1603692965139	geckodriver	INFO	Listening on 127.0.0.1:56628
1603692966155	mozrunner::runner	INFO	Running command: "/Applications/Firefox.app/Contents/MacOS/firefox-bin" "--marionette" "-foreground" "-no-remote" "-profile" "/var/folders/d7/rlgg27d972z58lb5whx8kb740000gn/T/rust_mozprofilea9Cuc9"
console.error: SearchCache: "_readCacheFile: Error reading cache file:" (new Error("", "(unknown module)"))
1603692968249	Marionette	INFO	Listening on port 56643
1603692968318	Marionette	WARN	TLS certificate errors will be ignored for this session
1603692970316	Marionette	INFO	Stopped listening on port 54240
JavaScript error: resource://gre/modules/Sqlite.jsm, line 1031: Error: Sqlite.jsm has been shutdown. Cannot open connection to: /var/folders/d7/rlgg27d972z58lb5whx8kb740000gn/T/rust_mozprofile2fMSum/protections.sqlite
1603692972912	Marionette	INFO	Stopped listening on port 53620
1603692975907	Marionette	INFO	Stopped listening on port 53461
1603693006644	geckodriver	INFO	Listening on 127.0.0.1:56882
1603693006654	mozrunner::runner	INFO	Running command: "/Applications/Firefox.app/Contents/MacOS/firefox-bin" "--marionette" "-foreground" "-no-remote" "-profile" "/var/folders/d7/rlgg27d972z58lb5whx8kb740000gn/T/rust_mozprofileClEqAZ"
console.error: SearchCache: "_readCacheFile: Error reading cache file:" (new Error("", "(unknown module)"))
1603693008764	Marionette	INFO	Listening on port 56891
1603693008800	Marionette	WARN	TLS certificate errors will be ignored for this session
1603693010114	Marionette	INFO	Stopped listening on port 56348
1603693011934	Marionette	INFO	Stopped listening on port 54408
1603693126062	geckodriver	INFO	Listening on 127.0.0.1:57456
1603693127078	mozrunner::runner	INFO	Running command: "/Applications/Firefox.app/Contents/MacOS/firefox-bin" "--marionette" "-foreground" "-no-remote" "-profile" "/var/folders/d7/rlgg27d972z58lb5whx8kb740000gn/T/rust_mozprofileaMEHt9"
console.error: SearchCache: "_readCacheFile: Error reading cache file:" (new Error("", "(unknown module)"))
1603693128971	Marionette	INFO	Listening on port 57471
1603693129032	Marionette	WARN	TLS certificate errors will be ignored for this session
1603693131377	Marionette	INFO	Stopped listening on port 56643
1603693212761	geckodriver	INFO	Listening on 127.0.0.1:57891
1603693213774	mozrunner::runner	INFO	Running command: "/Applications/Firefox.app/Contents/MacOS/firefox-bin" "--marionette" "-foreground" "-no-remote" "-profile" "/var/folders/d7/rlgg27d972z58lb5whx8kb740000gn/T/rust_mozprofileXgWgBH"
console.error: SearchCache: "_readCacheFile: Error reading cache file:" (new Error("", "(unknown module)"))
1603693215799	Marionette	INFO	Listening on port 57906
1603693215827	Marionette	WARN	TLS certificate errors will be ignored for this session
1603693324638	geckodriver	INFO	Listening on 127.0.0.1:58427
1603693325646	mozrunner::runner	INFO	Running command: "/Applications/Firefox.app/Contents/MacOS/firefox-bin" "--marionette" "-foreground" "-no-remote" "-profile" "/var/folders/d7/rlgg27d972z58lb5whx8kb740000gn/T/rust_mozprofile1yy0xT"
console.error: SearchCache: "_readCacheFile: Error reading cache file:" (new Error("", "(unknown module)"))
1603693327726	Marionette	INFO	Listening on port 58442
1603693327792	Marionette	WARN	TLS certificate errors will be ignored for this session
1603693375553	geckodriver	INFO	Listening on 127.0.0.1:58715
1603693376566	mozrunner::runner	INFO	Running command: "/Applications/Firefox.app/Contents/MacOS/firefox-bin" "--marionette" "-foreground" "-no-remote" "-profile" "/var/folders/d7/rlgg27d972z58lb5whx8kb740000gn/T/rust_mozprofile5QXIKU"
console.error: SearchCache: "_readCacheFile: Error reading cache file:" (new Error("", "(unknown module)"))
1603693378509	Marionette	INFO	Listening on port 58730
1603693378613	Marionette	WARN	TLS certificate errors will be ignored for this session
1603693517756	geckodriver	INFO	Listening on 127.0.0.1:59383
1603693518755	mozrunner::runner	INFO	Running command: "/Applications/Firefox.app/Contents/MacOS/firefox-bin" "--marionette" "-foreground" "-no-remote" "-profile" "/var/folders/d7/rlgg27d972z58lb5whx8kb740000gn/T/rust_mozprofileKNvz4G"
console.error: SearchCache: "_readCacheFile: Error reading cache file:" (new Error("", "(unknown module)"))
1603693520784	Marionette	INFO	Listening on port 59401
1603693520796	Marionette	WARN	TLS certificate errors will be ignored for this session
JavaScript error: resource://gre/modules/Sqlite.jsm, line 1031: Error: Sqlite.jsm has been shutdown. Cannot open connection to: /var/folders/d7/rlgg27d972z58lb5whx8kb740000gn/T/rust_mozprofileClEqAZ/protections.sqlite
1603693523850	Marionette	INFO	Stopped listening on port 56891
JavaScript error: resource://gre/modules/Sqlite.jsm, line 1031: Error: Sqlite.jsm has been shutdown. Cannot open connection to: /var/folders/d7/rlgg27d972z58lb5whx8kb740000gn/T/rust_mozprofileaMEHt9/protections.sqlite
1603693526333	Marionette	INFO	Stopped listening on port 57471
1603693611440	geckodriver	INFO	Listening on 127.0.0.1:59854
1603693612453	mozrunner::runner	INFO	Running command: "/Applications/Firefox.app/Contents/MacOS/firefox-bin" "--marionette" "-foreground" "-no-remote" "-profile" "/var/folders/d7/rlgg27d972z58lb5whx8kb740000gn/T/rust_mozprofileDmBUX9"
console.error: SearchCache: "_readCacheFile: Error reading cache file:" (new Error("", "(unknown module)"))
1603693614251	Marionette	INFO	Listening on port 59869
1603693614293	Marionette	WARN	TLS certificate errors will be ignored for this session
1603693616792	Marionette	INFO	Stopped listening on port 57906
1603693637126	geckodriver	INFO	Listening on 127.0.0.1:60038
1603693638135	mozrunner::runner	INFO	Running command: "/Applications/Firefox.app/Contents/MacOS/firefox-bin" "--marionette" "-foreground" "-no-remote" "-profile" "/var/folders/d7/rlgg27d972z58lb5whx8kb740000gn/T/rust_mozprofile8hWxt0"
console.error: SearchCache: "_readCacheFile: Error reading cache file:" (new Error("", "(unknown module)"))
1603693640011	Marionette	INFO	Listening on port 60053
1603693640076	Marionette	WARN	TLS certificate errors will be ignored for this session
1603693641794	Marionette	INFO	Stopped listening on port 58442
1603693644067	Marionette	INFO	Stopped listening on port 58730
1603693675475	geckodriver	INFO	Listening on 127.0.0.1:60279
1603693676486	mozrunner::runner	INFO	Running command: "/Applications/Firefox.app/Contents/MacOS/firefox-bin" "--marionette" "-foreground" "-no-remote" "-profile" "/var/folders/d7/rlgg27d972z58lb5whx8kb740000gn/T/rust_mozprofile7XI7GJ"
console.error: SearchCache: "_readCacheFile: Error reading cache file:" (new Error("", "(unknown module)"))
1603693678494	Marionette	INFO	Listening on port 60294
1603693678528	Marionette	WARN	TLS certificate errors will be ignored for this session
1603693708189	geckodriver	INFO	Listening on 127.0.0.1:60489
1603693709200	mozrunner::runner	INFO	Running command: "/Applications/Firefox.app/Contents/MacOS/firefox-bin" "--marionette" "-foreground" "-no-remote" "-profile" "/var/folders/d7/rlgg27d972z58lb5whx8kb740000gn/T/rust_mozprofile2640Be"
console.error: SearchCache: "_readCacheFile: Error reading cache file:" (new Error("", "(unknown module)"))
1603693711236	Marionette	INFO	Listening on port 60504
1603693711242	Marionette	WARN	TLS certificate errors will be ignored for this session
1603693833589	geckodriver	INFO	Listening on 127.0.0.1:61125
1603693834608	mozrunner::runner	INFO	Running command: "/Applications/Firefox.app/Contents/MacOS/firefox-bin" "--marionette" "-foreground" "-no-remote" "-profile" "/var/folders/d7/rlgg27d972z58lb5whx8kb740000gn/T/rust_mozprofilezqkqST"
console.error: SearchCache: "_readCacheFile: Error reading cache file:" (new Error("", "(unknown module)"))
1603693836833	Marionette	INFO	Listening on port 61140
1603693836865	Marionette	WARN	TLS certificate errors will be ignored for this session
1603693880015	geckodriver	INFO	Listening on 127.0.0.1:61431
1603693881020	mozrunner::runner	INFO	Running command: "/Applications/Firefox.app/Contents/MacOS/firefox-bin" "--marionette" "-foreground" "-no-remote" "-profile" "/var/folders/d7/rlgg27d972z58lb5whx8kb740000gn/T/rust_mozprofileJN0kPI"
console.error: SearchCache: "_readCacheFile: Error reading cache file:" (new Error("", "(unknown module)"))
1603693883144	Marionette	INFO	Listening on port 61446
1603693883168	Marionette	WARN	TLS certificate errors will be ignored for this session
1603693983581	geckodriver	INFO	Listening on 127.0.0.1:61941
1603693984588	mozrunner::runner	INFO	Running command: "/Applications/Firefox.app/Contents/MacOS/firefox-bin" "--marionette" "-foreground" "-no-remote" "-profile" "/var/folders/d7/rlgg27d972z58lb5whx8kb740000gn/T/rust_mozprofiledNDMun"
console.error: SearchCache: "_readCacheFile: Error reading cache file:" (new Error("", "(unknown module)"))
1603693986753	Marionette	INFO	Listening on port 61956
1603693986844	Marionette	WARN	TLS certificate errors will be ignored for this session
JavaScript error: resource://gre/modules/Sqlite.jsm, line 1031: Error: Sqlite.jsm has been shutdown. Cannot open connection to: /var/folders/d7/rlgg27d972z58lb5whx8kb740000gn/T/rust_mozprofileKNvz4G/protections.sqlite
1603694280131	Marionette	INFO	Stopped listening on port 59401
1603694282997	Marionette	INFO	Stopped listening on port 59869
1603694284647	Marionette	INFO	Stopped listening on port 61140
1603694286155	Marionette	INFO	Stopped listening on port 60294
1603694287846	Marionette	INFO	Stopped listening on port 60053
1603694289325	Marionette	INFO	Stopped listening on port 61956
1603694291400	Marionette	INFO	Stopped listening on port 61446
1603694293149	Marionette	INFO	Stopped listening on port 60504
1603694329789	geckodriver	INFO	Listening on 127.0.0.1:63508
1603694330802	mozrunner::runner	INFO	Running command: "/Applications/Firefox.app/Contents/MacOS/firefox-bin" "--marionette" "-foreground" "-no-remote" "-profile" "/var/folders/d7/rlgg27d972z58lb5whx8kb740000gn/T/rust_mozprofileRrJLNO"
console.error: SearchCache: "_readCacheFile: Error reading cache file:" (new Error("", "(unknown module)"))
1603694332697	Marionette	INFO	Listening on port 63523
1603694332741	Marionette	WARN	TLS certificate errors will be ignored for this session
1603694393239	geckodriver	INFO	Listening on 127.0.0.1:63854
1603694394254	mozrunner::runner	INFO	Running command: "/Applications/Firefox.app/Contents/MacOS/firefox-bin" "--marionette" "-foreground" "-no-remote" "-profile" "/var/folders/d7/rlgg27d972z58lb5whx8kb740000gn/T/rust_mozprofiledvixwk"
console.error: SearchCache: "_readCacheFile: Error reading cache file:" (new Error("", "(unknown module)"))
1603694396028	Marionette	INFO	Listening on port 63869
1603694396089	Marionette	WARN	TLS certificate errors will be ignored for this session
JavaScript error: https://cdn.walkme.com/chatbot/3.53.1/main.js, line 1: ChunkLoadError: Loading chunk 4 failed.
(error: https://cdn.walkme.com/chatbot/3.53.1/4.dcbbfc8d9595083acedd.js)
JavaScript error: resource://gre/actors/PictureInPictureChild.jsm, line 143: InvalidStateError: An attempt was made to use an object that is not, or is no longer, usable
1603694612575	geckodriver	INFO	Listening on 127.0.0.1:64917
1603694613588	mozrunner::runner	INFO	Running command: "/Applications/Firefox.app/Contents/MacOS/firefox-bin" "--marionette" "-foreground" "-no-remote" "-profile" "/var/folders/d7/rlgg27d972z58lb5whx8kb740000gn/T/rust_mozprofileeF2MCI"
console.error: SearchCache: "_readCacheFile: Error reading cache file:" (new Error("", "(unknown module)"))
1603694615544	Marionette	INFO	Listening on port 64932
1603694615630	Marionette	WARN	TLS certificate errors will be ignored for this session
Marionette threw an error: TypeError: this.curBrowser.contentBrowser is null
GeckoDriver.prototype.navigateTo@chrome://marionette/content/driver.js:1248:3

1603694760590	geckodriver	INFO	Listening on 127.0.0.1:49237
1603694761600	mozrunner::runner	INFO	Running command: "/Applications/Firefox.app/Contents/MacOS/firefox-bin" "--marionette" "-foreground" "-no-remote" "-profile" "/var/folders/d7/rlgg27d972z58lb5whx8kb740000gn/T/rust_mozprofilexjGPGy"
console.error: SearchCache: "_readCacheFile: Error reading cache file:" (new Error("", "(unknown module)"))
1603694763586	Marionette	INFO	Listening on port 49253
1603694763636	Marionette	WARN	TLS certificate errors will be ignored for this session
1603694770125	Marionette	INFO	Stopped listening on port 49253
1603694778161	geckodriver	INFO	Listening on 127.0.0.1:49385
1603694779173	mozrunner::runner	INFO	Running command: "/Applications/Firefox.app/Contents/MacOS/firefox-bin" "--marionette" "-foreground" "-no-remote" "-profile" "/var/folders/d7/rlgg27d972z58lb5whx8kb740000gn/T/rust_mozprofilev7epJw"
console.error: SearchCache: "_readCacheFile: Error reading cache file:" (new Error("", "(unknown module)"))
1603694781019	Marionette	INFO	Listening on port 49400
1603694781109	Marionette	WARN	TLS certificate errors will be ignored for this session
1603694820426	geckodriver	INFO	Listening on 127.0.0.1:49659
1603694821439	mozrunner::runner	INFO	Running command: "/Applications/Firefox.app/Contents/MacOS/firefox-bin" "--marionette" "-foreground" "-no-remote" "-profile" "/var/folders/d7/rlgg27d972z58lb5whx8kb740000gn/T/rust_mozprofileoLnULU"
console.error: SearchCache: "_readCacheFile: Error reading cache file:" (new Error("", "(unknown module)"))
1603694823299	Marionette	INFO	Listening on port 49674
1603694823392	Marionette	WARN	TLS certificate errors will be ignored for this session
1603694827492	geckodriver	INFO	Listening on 127.0.0.1:49762
1603694828506	mozrunner::runner	INFO	Running command: "/Applications/Firefox.app/Contents/MacOS/firefox-bin" "--marionette" "-foreground" "-no-remote" "-profile" "/var/folders/d7/rlgg27d972z58lb5whx8kb740000gn/T/rust_mozprofileCiyB0C"
console.error: SearchCache: "_readCacheFile: Error reading cache file:" (new Error("", "(unknown module)"))
1603694830318	Marionette	INFO	Listening on port 49780
1603694830337	Marionette	WARN	TLS certificate errors will be ignored for this session
1603694834337	geckodriver	INFO	Listening on 127.0.0.1:49865
1603694835341	mozrunner::runner	INFO	Running command: "/Applications/Firefox.app/Contents/MacOS/firefox-bin" "--marionette" "-foreground" "-no-remote" "-profile" "/var/folders/d7/rlgg27d972z58lb5whx8kb740000gn/T/rust_mozprofileRzOVcp"
console.error: SearchCache: "_readCacheFile: Error reading cache file:" (new Error("", "(unknown module)"))
1603694837282	Marionette	INFO	Listening on port 49880
1603694837376	Marionette	WARN	TLS certificate errors will be ignored for this session
1603694841335	geckodriver	INFO	Listening on 127.0.0.1:49973
1603694842340	mozrunner::runner	INFO	Running command: "/Applications/Firefox.app/Contents/MacOS/firefox-bin" "--marionette" "-foreground" "-no-remote" "-profile" "/var/folders/d7/rlgg27d972z58lb5whx8kb740000gn/T/rust_mozprofileNcl7eR"
console.error: SearchCache: "_readCacheFile: Error reading cache file:" (new Error("", "(unknown module)"))
1603694844373	Marionette	INFO	Listening on port 49993
1603694844381	Marionette	WARN	TLS certificate errors will be ignored for this session
1603694848670	geckodriver	INFO	Listening on 127.0.0.1:50088
1603694849678	mozrunner::runner	INFO	Running command: "/Applications/Firefox.app/Contents/MacOS/firefox-bin" "--marionette" "-foreground" "-no-remote" "-profile" "/var/folders/d7/rlgg27d972z58lb5whx8kb740000gn/T/rust_mozprofileAHSn4l"
console.error: SearchCache: "_readCacheFile: Error reading cache file:" (new Error("", "(unknown module)"))
1603694851774	Marionette	INFO	Listening on port 50103
1603694851824	Marionette	WARN	TLS certificate errors will be ignored for this session
1603694856486	geckodriver	INFO	Listening on 127.0.0.1:50191
1603694857490	mozrunner::runner	INFO	Running command: "/Applications/Firefox.app/Contents/MacOS/firefox-bin" "--marionette" "-foreground" "-no-remote" "-profile" "/var/folders/d7/rlgg27d972z58lb5whx8kb740000gn/T/rust_mozprofilefkOZf2"
console.error: SearchCache: "_readCacheFile: Error reading cache file:" (new Error("", "(unknown module)"))
1603694859614	Marionette	INFO	Listening on port 50207
1603694859621	Marionette	WARN	TLS certificate errors will be ignored for this session
1603694863624	geckodriver	INFO	Listening on 127.0.0.1:50298
1603694864629	mozrunner::runner	INFO	Running command: "/Applications/Firefox.app/Contents/MacOS/firefox-bin" "--marionette" "-foreground" "-no-remote" "-profile" "/var/folders/d7/rlgg27d972z58lb5whx8kb740000gn/T/rust_mozprofilep0kKjQ"
console.error: SearchCache: "_readCacheFile: Error reading cache file:" (new Error("", "(unknown module)"))
1603694866763	Marionette	INFO	Listening on port 50313
1603694866775	Marionette	WARN	TLS certificate errors will be ignored for this session
1603694870835	geckodriver	INFO	Listening on 127.0.0.1:50407
1603694871835	mozrunner::runner	INFO	Running command: "/Applications/Firefox.app/Contents/MacOS/firefox-bin" "--marionette" "-foreground" "-no-remote" "-profile" "/var/folders/d7/rlgg27d972z58lb5whx8kb740000gn/T/rust_mozprofileNkdTTJ"
console.error: SearchCache: "_readCacheFile: Error reading cache file:" (new Error("", "(unknown module)"))
1603694873917	Marionette	INFO	Listening on port 50422
1603694873989	Marionette	WARN	TLS certificate errors will be ignored for this session
1603694878751	geckodriver	INFO	Listening on 127.0.0.1:50516
1603694879752	mozrunner::runner	INFO	Running command: "/Applications/Firefox.app/Contents/MacOS/firefox-bin" "--marionette" "-foreground" "-no-remote" "-profile" "/var/folders/d7/rlgg27d972z58lb5whx8kb740000gn/T/rust_mozprofileWesydy"
console.error: SearchCache: "_readCacheFile: Error reading cache file:" (new Error("", "(unknown module)"))
1603694881817	Marionette	INFO	Listening on port 50531
1603694881888	Marionette	WARN	TLS certificate errors will be ignored for this session
1603694886201	geckodriver	INFO	Listening on 127.0.0.1:50628
1603694887209	mozrunner::runner	INFO	Running command: "/Applications/Firefox.app/Contents/MacOS/firefox-bin" "--marionette" "-foreground" "-no-remote" "-profile" "/var/folders/d7/rlgg27d972z58lb5whx8kb740000gn/T/rust_mozprofilenb2Q9g"
console.error: SearchCache: "_readCacheFile: Error reading cache file:" (new Error("", "(unknown module)"))
1603694889366	Marionette	INFO	Listening on port 50643
1603694889459	Marionette	WARN	TLS certificate errors will be ignored for this session
1603694896342	geckodriver	INFO	Listening on 127.0.0.1:50750
1603694897343	mozrunner::runner	INFO	Running command: "/Applications/Firefox.app/Contents/MacOS/firefox-bin" "--marionette" "-foreground" "-no-remote" "-profile" "/var/folders/d7/rlgg27d972z58lb5whx8kb740000gn/T/rust_mozprofileDZikip"
console.error: SearchCache: "_readCacheFile: Error reading cache file:" (new Error("", "(unknown module)"))
1603694899551	Marionette	INFO	Listening on port 50767
1603694899586	Marionette	WARN	TLS certificate errors will be ignored for this session
1603694903808	geckodriver	INFO	Listening on 127.0.0.1:50864
1603694904802	mozrunner::runner	INFO	Running command: "/Applications/Firefox.app/Contents/MacOS/firefox-bin" "--marionette" "-foreground" "-no-remote" "-profile" "/var/folders/d7/rlgg27d972z58lb5whx8kb740000gn/T/rust_mozprofileS0X89s"
console.error: SearchCache: "_readCacheFile: Error reading cache file:" (new Error("", "(unknown module)"))
1603694906975	Marionette	INFO	Listening on port 50882
1603694907026	Marionette	WARN	TLS certificate errors will be ignored for this session
1603694912221	geckodriver	INFO	Listening on 127.0.0.1:50993
1603694913204	mozrunner::runner	INFO	Running command: "/Applications/Firefox.app/Contents/MacOS/firefox-bin" "--marionette" "-foreground" "-no-remote" "-profile" "/var/folders/d7/rlgg27d972z58lb5whx8kb740000gn/T/rust_mozprofilePy8cyi"
console.error: SearchCache: "_readCacheFile: Error reading cache file:" (new Error("", "(unknown module)"))
1603694915348	Marionette	INFO	Listening on port 51009
1603694915363	Marionette	WARN	TLS certificate errors will be ignored for this session
1603694919712	geckodriver	INFO	Listening on 127.0.0.1:51099
1603694920708	mozrunner::runner	INFO	Running command: "/Applications/Firefox.app/Contents/MacOS/firefox-bin" "--marionette" "-foreground" "-no-remote" "-profile" "/var/folders/d7/rlgg27d972z58lb5whx8kb740000gn/T/rust_mozprofileKl1sIQ"
console.error: SearchCache: "_readCacheFile: Error reading cache file:" (new Error("", "(unknown module)"))
1603694923050	Marionette	INFO	Listening on port 51115
1603694923064	Marionette	WARN	TLS certificate errors will be ignored for this session
1603695229163	Marionette	INFO	Stopped listening on port 51115
1603695230902	Marionette	INFO	Stopped listening on port 51009
1603695233307	Marionette	INFO	Stopped listening on port 50882
1603695235392	Marionette	INFO	Stopped listening on port 50767
1603695237050	Marionette	INFO	Stopped listening on port 50643
1603695238749	Marionette	INFO	Stopped listening on port 50531
1603695242573	Marionette	INFO	Stopped listening on port 50207
1603695244296	Marionette	INFO	Stopped listening on port 50313
1603695246411	Marionette	INFO	Stopped listening on port 50422
1603695250075	Marionette	INFO	Stopped listening on port 50103
1603695279380	Marionette	INFO	Stopped listening on port 49993
1603695302740	Marionette	INFO	Stopped listening on port 49880
1603695307452	Marionette	INFO	Stopped listening on port 49780
1603695337707	Marionette	INFO	Stopped listening on port 49674
1603695373047	Marionette	INFO	Stopped listening on port 49400
1603695377148	Marionette	INFO	Stopped listening on port 64932
1603695382270	Marionette	INFO	Stopped listening on port 63869
1603695384816	Marionette	INFO	Stopped listening on port 63523
1603695526322	geckodriver	INFO	Listening on 127.0.0.1:53950
1603695527335	mozrunner::runner	INFO	Running command: "/Applications/Firefox.app/Contents/MacOS/firefox-bin" "--marionette" "-foreground" "-no-remote" "-profile" "/var/folders/d7/rlgg27d972z58lb5whx8kb740000gn/T/rust_mozprofileg4MLdL"
console.error: SearchCache: "_readCacheFile: Error reading cache file:" (new Error("", "(unknown module)"))
1603695529262	Marionette	INFO	Listening on port 53965
1603695529269	Marionette	WARN	TLS certificate errors will be ignored for this session
1603695533250	geckodriver	INFO	Listening on 127.0.0.1:54050
1603695534260	mozrunner::runner	INFO	Running command: "/Applications/Firefox.app/Contents/MacOS/firefox-bin" "--marionette" "-foreground" "-no-remote" "-profile" "/var/folders/d7/rlgg27d972z58lb5whx8kb740000gn/T/rust_mozprofileJESRHr"
console.error: SearchCache: "_readCacheFile: Error reading cache file:" (new Error("", "(unknown module)"))
1603695536133	Marionette	INFO	Listening on port 54065
1603695536210	Marionette	WARN	TLS certificate errors will be ignored for this session
1603695539916	geckodriver	INFO	Listening on 127.0.0.1:54143
1603695540922	mozrunner::runner	INFO	Running command: "/Applications/Firefox.app/Contents/MacOS/firefox-bin" "--marionette" "-foreground" "-no-remote" "-profile" "/var/folders/d7/rlgg27d972z58lb5whx8kb740000gn/T/rust_mozprofileHlYrQl"
console.error: SearchCache: "_readCacheFile: Error reading cache file:" (new Error("", "(unknown module)"))
1603695542758	Marionette	INFO	Listening on port 54159
1603695542853	Marionette	WARN	TLS certificate errors will be ignored for this session
1603695546865	geckodriver	INFO	Listening on 127.0.0.1:54246
1603695547874	mozrunner::runner	INFO	Running command: "/Applications/Firefox.app/Contents/MacOS/firefox-bin" "--marionette" "-foreground" "-no-remote" "-profile" "/var/folders/d7/rlgg27d972z58lb5whx8kb740000gn/T/rust_mozprofilexwAdEl"
console.error: SearchCache: "_readCacheFile: Error reading cache file:" (new Error("", "(unknown module)"))
1603695549711	Marionette	INFO	Listening on port 54261
1603695549717	Marionette	WARN	TLS certificate errors will be ignored for this session
1603695553547	geckodriver	INFO	Listening on 127.0.0.1:54343
1603695554555	mozrunner::runner	INFO	Running command: "/Applications/Firefox.app/Contents/MacOS/firefox-bin" "--marionette" "-foreground" "-no-remote" "-profile" "/var/folders/d7/rlgg27d972z58lb5whx8kb740000gn/T/rust_mozprofileKEK9xu"
console.error: SearchCache: "_readCacheFile: Error reading cache file:" (new Error("", "(unknown module)"))
1603695556342	Marionette	INFO	Listening on port 54359
1603695556386	Marionette	WARN	TLS certificate errors will be ignored for this session
1603695560352	geckodriver	INFO	Listening on 127.0.0.1:54448
1603695561360	mozrunner::runner	INFO	Running command: "/Applications/Firefox.app/Contents/MacOS/firefox-bin" "--marionette" "-foreground" "-no-remote" "-profile" "/var/folders/d7/rlgg27d972z58lb5whx8kb740000gn/T/rust_mozprofileU3u0Dw"
console.error: SearchCache: "_readCacheFile: Error reading cache file:" (new Error("", "(unknown module)"))
1603695563336	Marionette	INFO	Listening on port 54465
1603695563400	Marionette	WARN	TLS certificate errors will be ignored for this session
1603695567510	geckodriver	INFO	Listening on 127.0.0.1:54553
1603695568518	mozrunner::runner	INFO	Running command: "/Applications/Firefox.app/Contents/MacOS/firefox-bin" "--marionette" "-foreground" "-no-remote" "-profile" "/var/folders/d7/rlgg27d972z58lb5whx8kb740000gn/T/rust_mozprofile1vrIJK"
console.error: SearchCache: "_readCacheFile: Error reading cache file:" (new Error("", "(unknown module)"))
1603695570481	Marionette	INFO	Listening on port 54569
1603695570569	Marionette	WARN	TLS certificate errors will be ignored for this session
1603695574487	geckodriver	INFO	Listening on 127.0.0.1:54657
1603695575498	mozrunner::runner	INFO	Running command: "/Applications/Firefox.app/Contents/MacOS/firefox-bin" "--marionette" "-foreground" "-no-remote" "-profile" "/var/folders/d7/rlgg27d972z58lb5whx8kb740000gn/T/rust_mozprofileGBy298"
console.error: SearchCache: "_readCacheFile: Error reading cache file:" (new Error("", "(unknown module)"))
1603695577370	Marionette	INFO	Listening on port 54672
1603695577437	Marionette	WARN	TLS certificate errors will be ignored for this session
1603695617529	Marionette	INFO	Stopped listening on port 54672
1603695641486	Marionette	INFO	Stopped listening on port 54569
1603695967796	Marionette	INFO	Stopped listening on port 53965
1603695969483	Marionette	INFO	Stopped listening on port 54065
1603695972617	Marionette	INFO	Stopped listening on port 54159
1603695974042	Marionette	INFO	Stopped listening on port 54261
1603695977372	Marionette	INFO	Stopped listening on port 54359
1603695979199	Marionette	INFO	Stopped listening on port 54465
